Determining if the pthread_create exist failed with the following output:
Change Dir: /home/fabian/CLionProjects/rawtojpg/cmake-build-debug/CMakeFiles/CMakeTmp

Run Build Command:"/usr/bin/make" "cmTC_cf498/fast"
/usr/bin/make -f CMakeFiles/cmTC_cf498.dir/build.make CMakeFiles/cmTC_cf498.dir/build
make[1]: Verzeichnis „/home/fabian/CLionProjects/rawtojpg/cmake-build-debug/CMakeFiles/CMakeTmp“ wird betreten
Building C object CMakeFiles/cmTC_cf498.dir/CheckSymbolExists.c.o
/usr/bin/cc   -fPIC    -o CMakeFiles/cmTC_cf498.dir/CheckSymbolExists.c.o   -c /home/fabian/CLionProjects/rawtojpg/cmake-build-debug/CMakeFiles/CMakeTmp/CheckSymbolExists.c
Linking C executable cmTC_cf498
/home/fabian/clion-2017.2.2/bin/cmake/bin/cmake -E cmake_link_script CMakeFiles/cmTC_cf498.dir/link.txt --verbose=1
/usr/bin/cc -fPIC     CMakeFiles/cmTC_cf498.dir/CheckSymbolExists.c.o  -o cmTC_cf498 
CMakeFiles/cmTC_cf498.dir/CheckSymbolExists.c.o: In Funktion `main':
CheckSymbolExists.c:(.text+0x1b): Nicht definierter Verweis auf `pthread_create'
collect2: error: ld returned 1 exit status
CMakeFiles/cmTC_cf498.dir/build.make:97: die Regel für Ziel „cmTC_cf498“ scheiterte
make[1]: *** [cmTC_cf498] Fehler 1
make[1]: Verzeichnis „/home/fabian/CLionProjects/rawtojpg/cmake-build-debug/CMakeFiles/CMakeTmp“ wird verlassen
Makefile:126: die Regel für Ziel „cmTC_cf498/fast“ scheiterte
make: *** [cmTC_cf498/fast] Fehler 2

File /home/fabian/CLionProjects/rawtojpg/cmake-build-debug/CMakeFiles/CMakeTmp/CheckSymbolExists.c:
/* */
#include <pthread.h>

int main(int argc, char** argv)
{
  (void)argv;
#ifndef pthread_create
  return ((int*)(&pthread_create))[argc];
#else
  (void)argc;
  return 0;
#endif
}

Determining if the function pthread_create exists in the pthreads failed with the following output:
Change Dir: /home/fabian/CLionProjects/rawtojpg/cmake-build-debug/CMakeFiles/CMakeTmp

Run Build Command:"/usr/bin/make" "cmTC_53dca/fast"
/usr/bin/make -f CMakeFiles/cmTC_53dca.dir/build.make CMakeFiles/cmTC_53dca.dir/build
make[1]: Verzeichnis „/home/fabian/CLionProjects/rawtojpg/cmake-build-debug/CMakeFiles/CMakeTmp“ wird betreten
Building C object CMakeFiles/cmTC_53dca.dir/CheckFunctionExists.c.o
/usr/bin/cc   -fPIC -DCHECK_FUNCTION_EXISTS=pthread_create   -o CMakeFiles/cmTC_53dca.dir/CheckFunctionExists.c.o   -c /home/fabian/clion-2017.2.2/bin/cmake/share/cmake-3.8/Modules/CheckFunctionExists.c
Linking C executable cmTC_53dca
/home/fabian/clion-2017.2.2/bin/cmake/bin/cmake -E cmake_link_script CMakeFiles/cmTC_53dca.dir/link.txt --verbose=1
/usr/bin/cc -fPIC -DCHECK_FUNCTION_EXISTS=pthread_create    CMakeFiles/cmTC_53dca.dir/CheckFunctionExists.c.o  -o cmTC_53dca -lpthreads 
/usr/bin/ld: cannot find -lpthreads
collect2: error: ld returned 1 exit status
CMakeFiles/cmTC_53dca.dir/build.make:97: die Regel für Ziel „cmTC_53dca“ scheiterte
make[1]: *** [cmTC_53dca] Fehler 1
make[1]: Verzeichnis „/home/fabian/CLionProjects/rawtojpg/cmake-build-debug/CMakeFiles/CMakeTmp“ wird verlassen
Makefile:126: die Regel für Ziel „cmTC_53dca/fast“ scheiterte
make: *** [cmTC_53dca/fast] Fehler 2


